Determining if the pthread_create exist failed with the following output:
Change Dir: /home/pf/rosWS/src/frontier_exploration-build/CMakeFiles/CMakeTmp

Run Build Command:/usr/bin/make "cmTryCompileExec336859879/fast"
/usr/bin/make -f CMakeFiles/cmTryCompileExec336859879.dir/build.make CMakeFiles/cmTryCompileExec336859879.dir/build
make[1]: Entering directory `/home/pf/rosWS/src/frontier_exploration-build/CMakeFiles/CMakeTmp'
/usr/bin/cmake -E cmake_progress_report /home/pf/rosWS/src/frontier_exploration-build/CMakeFiles/CMakeTmp/CMakeFiles 1
Building C object CMakeFiles/cmTryCompileExec336859879.dir/CheckSymbolExists.c.o
/usr/bin/cc    -o CMakeFiles/cmTryCompileExec336859879.dir/CheckSymbolExists.c.o   -c /home/pf/rosWS/src/frontier_exploration-build/CMakeFiles/CMakeTmp/CheckSymbolExists.c
Linking C executable cmTryCompileExec336859879
/usr/bin/cmake -E cmake_link_script CMakeFiles/cmTryCompileExec336859879.dir/link.txt --verbose=1
/usr/bin/cc       CMakeFiles/cmTryCompileExec336859879.dir/CheckSymbolExists.c.o  -o cmTryCompileExec336859879 -rdynamic 
CMakeFiles/cmTryCompileExec336859879.dir/CheckSymbolExists.c.o: In function `main':
CheckSymbolExists.c:(.text+0x16): undefined reference to `pthread_create'
collect2: error: ld returned 1 exit status
make[1]: Leaving directory `/home/pf/rosWS/src/frontier_exploration-build/CMakeFiles/CMakeTmp'
make[1]: *** [cmTryCompileExec336859879] Error 1
make: *** [cmTryCompileExec336859879/fast] Error 2

File /home/pf/rosWS/src/frontier_exploration-build/CMakeFiles/CMakeTmp/CheckSymbolExists.c:
/* */
#include <pthread.h>

int main(int argc, char** argv)
{
  (void)argv;
#ifndef pthread_create
  return ((int*)(&pthread_create))[argc];
#else
  (void)argc;
  return 0;
#endif
}

Determining if the function pthread_create exists in the pthreads failed with the following output:
Change Dir: /home/pf/rosWS/src/frontier_exploration-build/CMakeFiles/CMakeTmp

Run Build Command:/usr/bin/make "cmTryCompileExec821075867/fast"
/usr/bin/make -f CMakeFiles/cmTryCompileExec821075867.dir/build.make CMakeFiles/cmTryCompileExec821075867.dir/build
make[1]: Entering directory `/home/pf/rosWS/src/frontier_exploration-build/CMakeFiles/CMakeTmp'
/usr/bin/cmake -E cmake_progress_report /home/pf/rosWS/src/frontier_exploration-build/CMakeFiles/CMakeTmp/CMakeFiles 1
Building C object CMakeFiles/cmTryCompileExec821075867.dir/CheckFunctionExists.c.o
/usr/bin/cc   -DCHECK_FUNCTION_EXISTS=pthread_create   -o CMakeFiles/cmTryCompileExec821075867.dir/CheckFunctionExists.c.o   -c /usr/share/cmake-2.8/Modules/CheckFunctionExists.c
Linking C executable cmTryCompileExec821075867
/usr/bin/cmake -E cmake_link_script CMakeFiles/cmTryCompileExec821075867.dir/link.txt --verbose=1
/usr/bin/cc   -DCHECK_FUNCTION_EXISTS=pthread_create    CMakeFiles/cmTryCompileExec821075867.dir/CheckFunctionExists.c.o  -o cmTryCompileExec821075867 -rdynamic -lpthreads 
/usr/bin/ld: cannot find -lpthreads
collect2: error: ld returned 1 exit status
make[1]: Leaving directory `/home/pf/rosWS/src/frontier_exploration-build/CMakeFiles/CMakeTmp'
make[1]: *** [cmTryCompileExec821075867] Error 1
make: *** [cmTryCompileExec821075867/fast] Error 2


