Determining if the pthread_create exist failed with the following output:
Change Dir: /home/pf/rosWS/src/dynamic_detection-build/CMakeFiles/CMakeTmp

Run Build Command:/usr/bin/make "cmTryCompileExec289591792/fast"
/usr/bin/make -f CMakeFiles/cmTryCompileExec289591792.dir/build.make CMakeFiles/cmTryCompileExec289591792.dir/build
make[1]: Entering directory `/home/pf/rosWS/src/dynamic_detection-build/CMakeFiles/CMakeTmp'
/usr/bin/cmake -E cmake_progress_report /home/pf/rosWS/src/dynamic_detection-build/CMakeFiles/CMakeTmp/CMakeFiles 1
Building C object CMakeFiles/cmTryCompileExec289591792.dir/CheckSymbolExists.c.o
/usr/bin/cc    -o CMakeFiles/cmTryCompileExec289591792.dir/CheckSymbolExists.c.o   -c /home/pf/rosWS/src/dynamic_detection-build/CMakeFiles/CMakeTmp/CheckSymbolExists.c
Linking C executable cmTryCompileExec289591792
/usr/bin/cmake -E cmake_link_script CMakeFiles/cmTryCompileExec289591792.dir/link.txt --verbose=1
/usr/bin/cc       CMakeFiles/cmTryCompileExec289591792.dir/CheckSymbolExists.c.o  -o cmTryCompileExec289591792 -rdynamic 
CMakeFiles/cmTryCompileExec289591792.dir/CheckSymbolExists.c.o: In function `main':
CheckSymbolExists.c:(.text+0x16): undefined reference to `pthread_create'
collect2: error: ld returned 1 exit status
make[1]: *** [cmTryCompileExec289591792] Error 1
make[1]: Leaving directory `/home/pf/rosWS/src/dynamic_detection-build/CMakeFiles/CMakeTmp'
make: *** [cmTryCompileExec289591792/fast] Error 2

File /home/pf/rosWS/src/dynamic_detection-build/CMakeFiles/CMakeTmp/CheckSymbolExists.c:
/* */
#include <pthread.h>

int main(int argc, char** argv)
{
  (void)argv;
#ifndef pthread_create
  return ((int*)(&pthread_create))[argc];
#else
  (void)argc;
  return 0;
#endif
}

Determining if the function pthread_create exists in the pthreads failed with the following output:
Change Dir: /home/pf/rosWS/src/dynamic_detection-build/CMakeFiles/CMakeTmp

Run Build Command:/usr/bin/make "cmTryCompileExec2942791017/fast"
/usr/bin/make -f CMakeFiles/cmTryCompileExec2942791017.dir/build.make CMakeFiles/cmTryCompileExec2942791017.dir/build
make[1]: Entering directory `/home/pf/rosWS/src/dynamic_detection-build/CMakeFiles/CMakeTmp'
/usr/bin/cmake -E cmake_progress_report /home/pf/rosWS/src/dynamic_detection-build/CMakeFiles/CMakeTmp/CMakeFiles 1
Building C object CMakeFiles/cmTryCompileExec2942791017.dir/CheckFunctionExists.c.o
/usr/bin/cc   -DCHECK_FUNCTION_EXISTS=pthread_create   -o CMakeFiles/cmTryCompileExec2942791017.dir/CheckFunctionExists.c.o   -c /usr/share/cmake-2.8/Modules/CheckFunctionExists.c
Linking C executable cmTryCompileExec2942791017
/usr/bin/cmake -E cmake_link_script CMakeFiles/cmTryCompileExec2942791017.dir/link.txt --verbose=1
/usr/bin/cc   -DCHECK_FUNCTION_EXISTS=pthread_create    CMakeFiles/cmTryCompileExec2942791017.dir/CheckFunctionExists.c.o  -o cmTryCompileExec2942791017 -rdynamic -lpthreads 
/usr/bin/ld: cannot find -lpthreads
collect2: error: ld returned 1 exit status
make[1]: *** [cmTryCompileExec2942791017] Error 1
make[1]: Leaving directory `/home/pf/rosWS/src/dynamic_detection-build/CMakeFiles/CMakeTmp'
make: *** [cmTryCompileExec2942791017/fast] Error 2


