Determining if the pthread_create exist failed with the following output:
Change Dir: /home/pf/rosWS/build/CMakeFiles/CMakeTmp

Run Build Command:/usr/bin/make "cmTryCompileExec1607564158/fast"
/usr/bin/make -f CMakeFiles/cmTryCompileExec1607564158.dir/build.make CMakeFiles/cmTryCompileExec1607564158.dir/build
make[1]: Entering directory `/home/pf/rosWS/build/CMakeFiles/CMakeTmp'
/usr/bin/cmake -E cmake_progress_report /home/pf/rosWS/build/CMakeFiles/CMakeTmp/CMakeFiles 1
Building C object CMakeFiles/cmTryCompileExec1607564158.dir/CheckSymbolExists.c.o
/usr/bin/cc    -o CMakeFiles/cmTryCompileExec1607564158.dir/CheckSymbolExists.c.o   -c /home/pf/rosWS/build/CMakeFiles/CMakeTmp/CheckSymbolExists.c
Linking C executable cmTryCompileExec1607564158
/usr/bin/cmake -E cmake_link_script CMakeFiles/cmTryCompileExec1607564158.dir/link.txt --verbose=1
/usr/bin/cc       CMakeFiles/cmTryCompileExec1607564158.dir/CheckSymbolExists.c.o  -o cmTryCompileExec1607564158 -rdynamic 
CMakeFiles/cmTryCompileExec1607564158.dir/CheckSymbolExists.c.o: In function `main':
CheckSymbolExists.c:(.text+0x16): undefined reference to `pthread_create'
collect2: error: ld returned 1 exit status
make[1]: *** [cmTryCompileExec1607564158] Error 1
make[1]: Leaving directory `/home/pf/rosWS/build/CMakeFiles/CMakeTmp'
make: *** [cmTryCompileExec1607564158/fast] Error 2

File /home/pf/rosWS/build/CMakeFiles/CMakeTmp/CheckSymbolExists.c:
/* */
#include <pthread.h>

int main(int argc, char** argv)
{
  (void)argv;
#ifndef pthread_create
  return ((int*)(&pthread_create))[argc];
#else
  (void)argc;
  return 0;
#endif
}

Determining if the function pthread_create exists in the pthreads failed with the following output:
Change Dir: /home/pf/rosWS/build/CMakeFiles/CMakeTmp

Run Build Command:/usr/bin/make "cmTryCompileExec2533624097/fast"
/usr/bin/make -f CMakeFiles/cmTryCompileExec2533624097.dir/build.make CMakeFiles/cmTryCompileExec2533624097.dir/build
make[1]: Entering directory `/home/pf/rosWS/build/CMakeFiles/CMakeTmp'
/usr/bin/cmake -E cmake_progress_report /home/pf/rosWS/build/CMakeFiles/CMakeTmp/CMakeFiles 1
Building C object CMakeFiles/cmTryCompileExec2533624097.dir/CheckFunctionExists.c.o
/usr/bin/cc   -DCHECK_FUNCTION_EXISTS=pthread_create   -o CMakeFiles/cmTryCompileExec2533624097.dir/CheckFunctionExists.c.o   -c /usr/share/cmake-2.8/Modules/CheckFunctionExists.c
Linking C executable cmTryCompileExec2533624097
/usr/bin/cmake -E cmake_link_script CMakeFiles/cmTryCompileExec2533624097.dir/link.txt --verbose=1
/usr/bin/cc   -DCHECK_FUNCTION_EXISTS=pthread_create    CMakeFiles/cmTryCompileExec2533624097.dir/CheckFunctionExists.c.o  -o cmTryCompileExec2533624097 -rdynamic -lpthreads 
/usr/bin/ld: cannot find -lpthreads
collect2: error: ld returned 1 exit status
make[1]: *** [cmTryCompileExec2533624097] Error 1
make[1]: Leaving directory `/home/pf/rosWS/build/CMakeFiles/CMakeTmp'
make: *** [cmTryCompileExec2533624097/fast] Error 2


Determining if the Q_WS_WIN exist failed with the following output:
Change Dir: /home/pf/rosWS/build/CMakeFiles/CMakeTmp

Run Build Command:/usr/bin/make "cmTryCompileExec992645198/fast"
/usr/bin/make -f CMakeFiles/cmTryCompileExec992645198.dir/build.make CMakeFiles/cmTryCompileExec992645198.dir/build
make[1]: Entering directory `/home/pf/rosWS/build/CMakeFiles/CMakeTmp'
/usr/bin/cmake -E cmake_progress_report /home/pf/rosWS/build/CMakeFiles/CMakeTmp/CMakeFiles 1
Building CXX object CMakeFiles/cmTryCompileExec992645198.dir/CheckSymbolExists.cxx.o
/usr/bin/c++    -I/usr/include/qt4    -o CMakeFiles/cmTryCompileExec992645198.dir/CheckSymbolExists.cxx.o -c /home/pf/rosWS/build/CMakeFiles/CMakeTmp/CheckSymbolExists.cxx
/home/pf/rosWS/build/CMakeFiles/CMakeTmp/CheckSymbolExists.cxx: In function ‘int main(int, char**)’:
/home/pf/rosWS/build/CMakeFiles/CMakeTmp/CheckSymbolExists.cxx:8:19: error: ‘Q_WS_WIN’ was not declared in this scope
   return ((int*)(&Q_WS_WIN))[argc];
                   ^
make[1]: Leaving directory `/home/pf/rosWS/build/CMakeFiles/CMakeTmp'
make[1]: *** [CMakeFiles/cmTryCompileExec992645198.dir/CheckSymbolExists.cxx.o] Error 1
make: *** [cmTryCompileExec992645198/fast] Error 2

File /home/pf/rosWS/build/CMakeFiles/CMakeTmp/CheckSymbolExists.cxx:
/* */
#include <QtCore/qglobal.h>

int main(int argc, char** argv)
{
  (void)argv;
#ifndef Q_WS_WIN
  return ((int*)(&Q_WS_WIN))[argc];
#else
  (void)argc;
  return 0;
#endif
}

Determining if the Q_WS_QWS exist failed with the following output:
Change Dir: /home/pf/rosWS/build/CMakeFiles/CMakeTmp

Run Build Command:/usr/bin/make "cmTryCompileExec713536167/fast"
/usr/bin/make -f CMakeFiles/cmTryCompileExec713536167.dir/build.make CMakeFiles/cmTryCompileExec713536167.dir/build
make[1]: Entering directory `/home/pf/rosWS/build/CMakeFiles/CMakeTmp'
/usr/bin/cmake -E cmake_progress_report /home/pf/rosWS/build/CMakeFiles/CMakeTmp/CMakeFiles 1
Building CXX object CMakeFiles/cmTryCompileExec713536167.dir/CheckSymbolExists.cxx.o
/usr/bin/c++    -I/usr/include/qt4    -o CMakeFiles/cmTryCompileExec713536167.dir/CheckSymbolExists.cxx.o -c /home/pf/rosWS/build/CMakeFiles/CMakeTmp/CheckSymbolExists.cxx
/home/pf/rosWS/build/CMakeFiles/CMakeTmp/CheckSymbolExists.cxx: In function ‘int main(int, char**)’:
/home/pf/rosWS/build/CMakeFiles/CMakeTmp/CheckSymbolExists.cxx:8:19: error: ‘Q_WS_QWS’ was not declared in this scope
   return ((int*)(&Q_WS_QWS))[argc];
                   ^
make[1]: Leaving directory `/home/pf/rosWS/build/CMakeFiles/CMakeTmp'
make[1]: *** [CMakeFiles/cmTryCompileExec713536167.dir/CheckSymbolExists.cxx.o] Error 1
make: *** [cmTryCompileExec713536167/fast] Error 2

File /home/pf/rosWS/build/CMakeFiles/CMakeTmp/CheckSymbolExists.cxx:
/* */
#include <QtCore/qglobal.h>

int main(int argc, char** argv)
{
  (void)argv;
#ifndef Q_WS_QWS
  return ((int*)(&Q_WS_QWS))[argc];
#else
  (void)argc;
  return 0;
#endif
}

Determining if the Q_WS_MAC exist failed with the following output:
Change Dir: /home/pf/rosWS/build/CMakeFiles/CMakeTmp

Run Build Command:/usr/bin/make "cmTryCompileExec1337843144/fast"
/usr/bin/make -f CMakeFiles/cmTryCompileExec1337843144.dir/build.make CMakeFiles/cmTryCompileExec1337843144.dir/build
make[1]: Entering directory `/home/pf/rosWS/build/CMakeFiles/CMakeTmp'
/usr/bin/cmake -E cmake_progress_report /home/pf/rosWS/build/CMakeFiles/CMakeTmp/CMakeFiles 1
Building CXX object CMakeFiles/cmTryCompileExec1337843144.dir/CheckSymbolExists.cxx.o
/usr/bin/c++    -I/usr/include/qt4    -o CMakeFiles/cmTryCompileExec1337843144.dir/CheckSymbolExists.cxx.o -c /home/pf/rosWS/build/CMakeFiles/CMakeTmp/CheckSymbolExists.cxx
/home/pf/rosWS/build/CMakeFiles/CMakeTmp/CheckSymbolExists.cxx: In function ‘int main(int, char**)’:
/home/pf/rosWS/build/CMakeFiles/CMakeTmp/CheckSymbolExists.cxx:8:19: error: ‘Q_WS_MAC’ was not declared in this scope
   return ((int*)(&Q_WS_MAC))[argc];
                   ^
make[1]: Leaving directory `/home/pf/rosWS/build/CMakeFiles/CMakeTmp'
make[1]: *** [CMakeFiles/cmTryCompileExec1337843144.dir/CheckSymbolExists.cxx.o] Error 1
make: *** [cmTryCompileExec1337843144/fast] Error 2

File /home/pf/rosWS/build/CMakeFiles/CMakeTmp/CheckSymbolExists.cxx:
/* */
#include <QtCore/qglobal.h>

int main(int argc, char** argv)
{
  (void)argv;
#ifndef Q_WS_MAC
  return ((int*)(&Q_WS_MAC))[argc];
#else
  (void)argc;
  return 0;
#endif
}

Determining if the include file pgm.h exists failed with the following output:
Change Dir: /home/pf/rosWS/build/CMakeFiles/CMakeTmp

Run Build Command:/usr/bin/make "cmTryCompileExec2918724313/fast"
/usr/bin/make -f CMakeFiles/cmTryCompileExec2918724313.dir/build.make CMakeFiles/cmTryCompileExec2918724313.dir/build
make[1]: Entering directory `/home/pf/rosWS/build/CMakeFiles/CMakeTmp'
/usr/bin/cmake -E cmake_progress_report /home/pf/rosWS/build/CMakeFiles/CMakeTmp/CMakeFiles 1
Building CXX object CMakeFiles/cmTryCompileExec2918724313.dir/CheckIncludeFile.cxx.o
/usr/bin/c++    -Wno-deprecated    -o CMakeFiles/cmTryCompileExec2918724313.dir/CheckIncludeFile.cxx.o -c /home/pf/rosWS/build/CMakeFiles/CMakeTmp/CheckIncludeFile.cxx
/home/pf/rosWS/build/CMakeFiles/CMakeTmp/CheckIncludeFile.cxx:1:17: fatal error: pgm.h: No such file or directory
 #include <pgm.h>
                 ^
compilation terminated.
make[1]: Leaving directory `/home/pf/rosWS/build/CMakeFiles/CMakeTmp'
make[1]: *** [CMakeFiles/cmTryCompileExec2918724313.dir/CheckIncludeFile.cxx.o] Error 1
make: *** [cmTryCompileExec2918724313/fast] Error 2


